<?xml version="1.0" encoding="UTF-8"?>
<testng-results ignored="0" total="1" passed="1" failed="0" skipped="0">
  <reporter-output>
  </reporter-output>
  <suite started-at="2022-04-04T12:55:23 IST" name="Default suite" finished-at="2022-04-04T12:56:03 IST" duration-ms="40169">
    <groups>
    </groups>
    <test started-at="2022-04-04T12:55:23 IST" name="Default test" finished-at="2022-04-04T12:56:03 IST" duration-ms="40169">
      <class name="AppiumRS.Appium.TouchActions">
        <test-method signature="tapTest()[pri:0, instance:AppiumRS.Appium.TouchActions@793be5ca]" started-at="2022-04-04T12:55:23 IST" name="tapTest" finished-at="2022-04-04T12:56:03 IST" duration-ms="40086" status="PASS">
          <reporter-output>
          </reporter-output>
        </test-method> <!-- tapTest -->
      </class> <!-- AppiumRS.Appium.TouchActions -->
    </test> <!-- Default test -->
  </suite> <!-- Default suite -->
</testng-results>
