<?xml version="1.0" encoding="UTF-8"?>
<testng-results ignored="0" total="1" passed="1" failed="0" skipped="0">
  <reporter-output>
  </reporter-output>
  <suite started-at="2022-04-04T22:45:18 IST" name="Default suite" finished-at="2022-04-04T22:45:18 IST" duration-ms="107">
    <groups>
    </groups>
    <test started-at="2022-04-04T22:45:18 IST" name="Default test" finished-at="2022-04-04T22:45:18 IST" duration-ms="107">
      <class name="AppiumRS.Appium.HybridBase">
        <test-method signature="path()[pri:0, instance:AppiumRS.Appium.HybridBase@58d75e99]" started-at="2022-04-04T22:45:18 IST" name="path" finished-at="2022-04-04T22:45:18 IST" duration-ms="17" status="PASS">
          <reporter-output>
          </reporter-output>
        </test-method> <!-- path -->
      </class> <!-- AppiumRS.Appium.HybridBase -->
    </test> <!-- Default test -->
  </suite> <!-- Default suite -->
</testng-results>
